<?xml version="1.0" encoding="UTF-8"?>
<infinispan xmlns:xsi="http://www.w3.org/2001/XMLSchema-instance"
            xsi:schemaLocation="urn:infinispan:config:8.1 http://www.infinispan.org/schemas/infinispan-config-8.1.xsd"
            xmlns="urn:infinispan:config:8.1">

    <!-- Cache de test -->
    <cache-container default-cache="test">
        <jmx duplicate-domains="true"/>
        <local-cache name="test" start="true">
            <persistence passivation="true">
                <file-store path="data_test/data"
                            shared="false"
                            preload="true"
                            read-only="false"
                            purge="false"
                            fetch-state="true"
                            max-entries="100000"/>
            </persistence>
            <indexing index="LOCAL">
                <property name="hibernate.search.generate_statistics">true</property>
                <property name="hibernate.search.jmx_enabled">true</property>
                <property name="hibernate.search.lucene_version">LUCENE_CURRENT</property>
                <property name="hibernate.search.default.directory_provider">filesystem</property>
                <property name="hibernate.search.default.indexBase">data_test/index</property>
            </indexing>
        </local-cache>
    </cache-container>

</infinispan>